{"total": {"lines":{"total":43,"covered":29,"skipped":0,"pct":67.44},"statements":{"total":51,"covered":31,"skipped":0,"pct":60.78},"functions":{"total":14,"covered":4,"skipped":0,"pct":28.57},"branches":{"total":15,"covered":8,"skipped":0,"pct":53.33},"branchesTrue":{"total":0,"covered":0,"skipped":0,"pct":100}}
,"/home/runner/work/react-head/react-head/core/src/index.tsx": {"lines":{"total":14,"covered":14,"skipped":0,"pct":100},"functions":{"total":7,"covered":2,"skipped":0,"pct":28.57},"statements":{"total":21,"covered":16,"skipped":0,"pct":76.19},"branches":{"total":0,"covered":0,"skipped":0,"pct":100}}
,"/home/runner/work/react-head/react-head/core/src/store.tsx": {"lines":{"total":12,"covered":0,"skipped":0,"pct":0},"functions":{"total":5,"covered":0,"skipped":0,"pct":0},"statements":{"total":13,"covered":0,"skipped":0,"pct":0},"branches":{"total":0,"covered":0,"skipped":0,"pct":100}}
,"/home/runner/work/react-head/react-head/core/src/elements/HeadElement.tsx": {"lines":{"total":17,"covered":15,"skipped":0,"pct":88.23},"functions":{"total":2,"covered":2,"skipped":0,"pct":100},"statements":{"total":17,"covered":15,"skipped":0,"pct":88.23},"branches":{"total":15,"covered":8,"skipped":0,"pct":53.33}}
}
